{
  "RSpec": {
    "coverage": {
      "/Users/student/Documents/Makers/weekly-challenges/supremebnb/spec/booking_spec.rb": [
        1,
        1,
        1,
        1,
        6,
        1,
        1,
        null,
        1,
        1,
        null,
        1,
        1,
        null,
        1,
        1,
        null,
        null,
        1,
        1,
        1,
        1,
        1,
        null,
        null,
        null
      ],
      "/Users/student/Documents/Makers/weekly-challenges/supremebnb/spec/features/new_space_spec.rb": [
        1,
        1,
        1,
        1,
        1,
        1,
        1,
        1,
        1,
        1,
        1,
        1,
        1,
        1,
        1,
        1,
        null,
        null
      ],
      "/Users/student/Documents/Makers/weekly-challenges/supremebnb/spec/features/view_bookings_spec.rb": [
        1,
        1,
        1,
        1,
        1,
        1,
        1,
        1,
        1,
        1,
        1,
        null,
        null,
        null,
        null,
        null,
        null,
        null,
        null,
        null,
        null
      ],
      "/Users/student/Documents/Makers/weekly-challenges/supremebnb/spec/space_spec.rb": [
        1,
        3,
        null,
        1,
        1,
        1,
        1,
        1,
        null,
        null,
        1,
        1,
        1,
        1,
        1,
        1,
        1,
        null,
        null,
        null
      ],
      "/Users/student/Documents/Makers/weekly-challenges/supremebnb/spec/user_spec.rb": [
        1,
        null,
        1,
        null,
        1,
        null,
        1,
        1,
        1,
        null,
        null
      ]
    },
    "timestamp": 1571758980
  }
}
